<?xml version="1.0" encoding="UTF-8"?>
<!-- Generated by org.testng.reporters.JUnitReportReporter -->
<testsuite hostname="Saran" failures="0" tests="4" name="tests.WikipediaLocalizationTest" time="9.747" errors="0" timestamp="2025-10-28T15:19:46 IST" skipped="0">
  <testcase classname="tests.WikipediaLocalizationTest" name="testWikipediaLocalization" time="2.230"/>
  <testcase classname="tests.WikipediaLocalizationTest" name="testWikipediaLocalization" time="2.629"/>
  <testcase classname="tests.WikipediaLocalizationTest" name="testWikipediaLocalization" time="2.024"/>
  <testcase classname="tests.WikipediaLocalizationTest" name="testWikipediaLocalization" time="2.864"/>
</testsuite> <!-- tests.WikipediaLocalizationTest -->
